<?xml version="1.0" encoding="UTF-8"?>
<testng-results skipped="0" failed="0" ignored="0" total="1" passed="1">
  <reporter-output>
  </reporter-output>
  <suite name="Surefire suite" duration-ms="40" started-at="2022-12-10T06:30:28Z" finished-at="2022-12-10T06:30:28Z">
    <groups>
    </groups>
    <test name="Surefire test" duration-ms="40" started-at="2022-12-10T06:30:28Z" finished-at="2022-12-10T06:30:28Z">
      <class name="com.maven.archetype.MAVEN_REMOTE_CATALOG.AppTest">
        <test-method status="PASS" signature="shouldAnswerWithTrue()" name="shouldAnswerWithTrue" duration-ms="6" started-at="2022-12-10T06:30:28Z" finished-at="2022-12-10T06:30:28Z">
          <reporter-output>
          </reporter-output>
        </test-method> <!-- shouldAnswerWithTrue -->
      </class> <!-- com.maven.archetype.MAVEN_REMOTE_CATALOG.AppTest -->
    </test> <!-- Surefire test -->
  </suite> <!-- Surefire suite -->
</testng-results>
